1
0
1
ASSEMBLY
2
CU
CU
SI
SI
2
CU
87
1 1
2 2
3 3
4 4
5 5
6 6
7 7
8 8
9 9
10 10
11 11
12 12
13 13
14 14
15 15
16 16
17 17
18 18
19 19
20 20
21 21
22 22
23 23
24 24
25 25
26 26
27 27
28 28
29 29
30 30
31 31
32 32
33 33
34 34
35 35
36 36
37 37
38 38
39 39
40 40
41 41
42 42
43 43
44 44
45 45
46 46
47 47
48 48
49 49
50 50
51 51
52 52
53 53
54 54
55 55
56 56
57 57
58 58
59 59
60 60
61 61
62 62
63 63
64 64
65 65
66 66
67 67
68 68
69 69
70 70
71 71
72 72
73 73
74 74
75 75
76 76
77 77
78 78
79 79
80 80
81 81
82 82
83 83
84 84
85 85
86 86
87 87
-2147483647
SI
14
-2147483646
0
48 1 16 5 0 1 0 -1 -1 300 1 -1879048189 88 300 
14
48 1 16 5 0 1 0 -1 -1 300 1 -1879048189 1 300 
0
2
CU
65
1 1
2 2
3 3
4 4
5 5
6 6
7 7
8 8
9 9
10 10
11 11
12 12
13 13
14 14
15 15
16 16
17 17
18 18
19 19
20 20
21 21
22 22
23 23
24 24
25 25
26 26
27 27
28 28
29 29
30 30
31 31
32 32
33 33
34 34
35 35
36 36
37 37
38 38
39 39
40 40
41 41
42 42
43 43
44 44
45 45
46 46
47 47
48 48
49 49
50 50
51 51
52 52
53 53
54 54
55 55
56 56
57 57
58 58
59 59
60 60
61 61
62 62
63 63
64 64
65 65
-2147483647
SI
14
-2147483646
0
48 1 16 5 0 1 0 -1 -1 270 1 -1879048189 66 270 
14
48 1 16 5 0 1 0 -1 -1 270 1 -1879048189 1 270 
0
1

0
2
0
2
CU
65
1 2 3 4 5 6 7 8 9 10 11 12 13 14 15 16 17 18 19 20 21 22 23 24 25 26 27 28 29 30 31 32 33 34 35 36 37 38 39 40 41 42 43 44 45 46 47 48 49 50 51 52 53 54 55 56 57 58 59 60 61 62 63 64 65 
SI
14
-2147483647
48 1 16 5 0 1 0 -1 -1 270 1 -1879048189 66 270 
0
2
CU
4
 P       1
0
2
65
1 2 3 4 5 6 7 8 9 10 11 12 13 14 15 16 17 18 19 20 21 22 23 24 25 26 27 28 29 30 31 32 33 34 35 36 37 38 39 40 41 42 43 44 45 46 47 48 49 50 51 52 53 54 55 56 57 58 59 60 61 62 63 64 65 
0
0
ALLSURFACECU
0
1
65
1 2 3 4 5 6 7 8 9 10 11 12 13 14 15 16 17 18 19 20 21 22 23 24 25 26 27 28 29 30 31 32 33 34 35 36 37 38 39 40 41 42 43 44 45 46 47 48 49 50 51 52 53 54 55 56 57 58 59 60 61 62 63 64 65 
0
0
CENTERLINECU
0
1
22
6 7 10 11 12 14 15 20 22 23 24 25 27 28 30 32 33 34 35 36 40 49 
0
0
CONTACTLINECU
0
1
17
13 17 21 26 37 38 42 44 45 51 52 53 54 57 58 59 60 
0
0
0
SI
4
 P       2
0
2
14
-2147483647
48 1 16 5 0 1 0 -1 -1 270 1 -1879048189 66 270 
0
0
ALLSURFACESI
0
1
14
-2147483647
48 1 16 5 0 1 0 -1 -1 270 1 -1879048189 66 270 
0
0
CONTACTLINESI
0
1
17
76 77 78 79 106 107 109 110 119 120 121 122 123 125 130 133 135 
0
0
LATERALLINESI
0
1
17
66 72 73 80 81 92 94 95 97 98 101 102 103 104 105 134 149 
0
0
0
1

0
2
0
2
CU
87
1 2 3 4 5 6 7 8 9 10 11 12 13 14 15 16 17 18 19 20 21 22 23 24 25 26 27 28 29 30 31 32 33 34 35 36 37 38 39 40 41 42 43 44 45 46 47 48 49 50 51 52 53 54 55 56 57 58 59 60 61 62 63 64 65 66 67 68 69 70 71 72 73 74 75 76 77 78 79 80 81 82 83 84 85 86 87 
SI
14
-2147483647
48 1 16 5 0 1 0 -1 -1 300 1 -1879048189 88 300 
0
2
CU
4
 P       1
0
2
87
1 2 3 4 5 6 7 8 9 10 11 12 13 14 15 16 17 18 19 20 21 22 23 24 25 26 27 28 29 30 31 32 33 34 35 36 37 38 39 40 41 42 43 44 45 46 47 48 49 50 51 52 53 54 55 56 57 58 59 60 61 62 63 64 65 66 67 68 69 70 71 72 73 74 75 76 77 78 79 80 81 82 83 84 85 86 87 
0
0
ALLSURFACECU
0
1
87
1 2 3 4 5 6 7 8 9 10 11 12 13 14 15 16 17 18 19 20 21 22 23 24 25 26 27 28 29 30 31 32 33 34 35 36 37 38 39 40 41 42 43 44 45 46 47 48 49 50 51 52 53 54 55 56 57 58 59 60 61 62 63 64 65 66 67 68 69 70 71 72 73 74 75 76 77 78 79 80 81 82 83 84 85 86 87 
0
0
CENTERLINECU
0
1
23
1 15 24 25 26 27 28 29 30 31 32 33 34 35 36 37 38 39 40 41 42 43 44 
0
0
CONTACTLINECU
0
1
18
2 3 4 5 6 7 8 9 10 11 12 13 14 18 19 20 21 22 
0
0
0
SI
4
 P       2
0
2
14
-2147483647
48 1 16 5 0 1 0 -1 -1 300 1 -1879048189 88 300 
0
0
ALLSURFACESI
0
1
14
-2147483647
48 1 16 5 0 1 0 -1 -1 300 1 -1879048189 88 300 
0
0
CONTACTLINESI
0
1
18
89 91 92 93 94 95 96 97 98 99 143 144 145 146 147 148 149 150 
0
0
LATERALLINESI
0
1
18
88 90 113 114 115 116 117 118 119 120 121 122 123 124 125 126 127 128 
0
0
0
0
2
CU_CONTACTLINECU_CNS_
1
0
0
1
CU
1
0
18
2
1
3
1
4
1
5
1
6
1
7
1
8
1
9
1
10
1
11
1
12
1
13
1
14
1
18
1
19
1
20
1
21
1
22
1
SI_CONTACTLINESI_CNS_
1
0
0
1
SI
1
0
18
89
1
91
1
92
1
93
1
94
1
95
1
96
1
97
1
98
1
99
1
143
1
144
1
145
1
146
1
147
1
148
1
149
1
150
1
